Base path: /Applications/Unity5.1.3/Unity.app/Contents
Pipe name: \\.\pipe\UnityShaderCompiler-64bit-1-2082136832
Cmd: getPlatforms
Cmd: compileSnippet
  api=0 type=0 insize=9591 outsize=6498 kw=UNITY_COLORSPACE_GAMMA ok=1
Cmd: compileSnippet
  api=0 type=1 insize=9591 outsize=6 kw=UNITY_COLORSPACE_GAMMA ok=1
Cmd: preprocess
  insize=541 outsize=266 ok=1
Cmd: compileSnippet
  api=0 type=0 insize=577 outsize=515 kw= ok=1
Cmd: compileSnippet
  api=0 type=1 insize=577 outsize=6 kw= ok=1
Cmd: preprocess
  insize=2304 outsize=441 ok=1
Cmd: compileSnippet
  api=0 type=0 insize=2166 outsize=2325 kw= ok=1
Cmd: compileSnippet
  api=0 type=1 insize=2166 outsize=6 kw= ok=1
Cmd: preprocess
  insize=687 outsize=298 ok=1
Cmd: compileSnippet
  api=0 type=0 insize=691 outsize=482 kw= ok=1
Cmd: compileSnippet
  api=0 type=1 insize=691 outsize=6 kw= ok=1
Cmd: preprocess
  insize=3801 outsize=395 ok=1
Cmd: compileSnippet
  api=0 type=0 insize=3717 outsize=5333 kw= ok=1
Cmd: compileSnippet
  api=0 type=1 insize=3717 outsize=6 kw= ok=1
Cmd: preprocess
  insize=955 outsize=397 ok=1
Cmd: compileSnippet
  api=0 type=0 insize=861 outsize=1017 kw= ok=1
Cmd: compileSnippet
  api=0 type=1 insize=861 outsize=6 kw= ok=1
Cmd: preprocess
  insize=5814 outsize=418 ok=1
Cmd: compileSnippet
  api=0 type=0 insize=5704 outsize=63159 kw= ok=1
Cmd: compileSnippet
  api=0 type=1 insize=5704 outsize=6 kw= ok=1
Cmd: preprocess
  insize=1186 outsize=304 ok=1
Cmd: compileSnippet
  api=0 type=0 insize=1184 outsize=1580 kw= ok=1
Cmd: compileSnippet
  api=0 type=1 insize=1184 outsize=6 kw= ok=1
Cmd: preprocess
  insize=955 outsize=398 ok=1
Cmd: compileSnippet
  api=0 type=0 insize=860 outsize=1023 kw= ok=1
Cmd: compileSnippet
  api=0 type=1 insize=860 outsize=6 kw= ok=1
Cmd: preprocess
  insize=932 outsize=435 ok=1
Cmd: compileSnippet
  api=0 type=0 insize=800 outsize=892 kw= ok=1
Cmd: compileSnippet
  api=0 type=1 insize=800 outsize=6 kw= ok=1
Cmd: preprocess
  insize=1420 outsize=400 ok=1
Cmd: compileSnippet
  api=0 type=0 insize=1323 outsize=1217 kw= ok=1
Cmd: compileSnippet
  api=0 type=1 insize=1323 outsize=6 kw= ok=1
Cmd: preprocess
  insize=1096 outsize=309 ok=1
Cmd: compileSnippet
  api=0 type=0 insize=1089 outsize=1115 kw= ok=1
Cmd: compileSnippet
  api=0 type=1 insize=1089 outsize=6 kw= ok=1
Cmd: preprocess
  insize=738 outsize=296 ok=1
Cmd: compileSnippet
  api=0 type=0 insize=744 outsize=580 kw= ok=1
Cmd: compileSnippet
  api=0 type=1 insize=744 outsize=6 kw= ok=1
Cmd: preprocess
  insize=1633 outsize=403 ok=1
Cmd: compileSnippet
  api=0 type=0 insize=1532 outsize=1697 kw= ok=1
Cmd: compileSnippet
  api=0 type=1 insize=1532 outsize=6 kw= ok=1
Cmd: preprocess
  insize=713 outsize=298 ok=1
Cmd: compileSnippet
  api=0 type=0 insize=717 outsize=686 kw= ok=1
Cmd: compileSnippet
  api=0 type=1 insize=717 outsize=6 kw= ok=1
Cmd: preprocess
  insize=987 outsize=300 ok=1
Cmd: compileSnippet
  api=0 type=0 insize=988 outsize=8888 kw= ok=1
Cmd: compileSnippet
  api=0 type=1 insize=988 outsize=6 kw= ok=1
Cmd: preprocess
  insize=1495 outsize=427 ok=1
Cmd: compileSnippet
  api=0 type=0 insize=1371 outsize=1997 kw= ok=1
Cmd: compileSnippet
  api=0 type=1 insize=1371 outsize=6 kw= ok=1
Cmd: preprocess
  insize=1563 outsize=415 ok=1
Cmd: compileSnippet
  api=0 type=0 insize=1451 outsize=1696 kw= ok=1
Cmd: compileSnippet
  api=0 type=1 insize=1451 outsize=6 kw= ok=1
Cmd: preprocess
  insize=1077 outsize=297 ok=1
Cmd: compileSnippet
  api=0 type=0 insize=1082 outsize=2817 kw= ok=1
Cmd: compileSnippet
  api=0 type=1 insize=1082 outsize=6 kw= ok=1
Cmd: preprocess
  insize=4482 outsize=303 ok=1
Cmd: compileSnippet
  api=0 type=0 insize=4486 outsize=5128 kw= ok=1
Cmd: compileSnippet
  api=0 type=1 insize=4486 outsize=6 kw= ok=1
Cmd: preprocess
  insize=1036 outsize=297 ok=1
Cmd: compileSnippet
  api=0 type=0 insize=1040 outsize=1239 kw= ok=1
Cmd: compileSnippet
  api=0 type=1 insize=1040 outsize=6 kw= ok=1
Cmd: preprocess
  insize=1556 outsize=453 ok=1
Cmd: compileSnippet
  api=0 type=0 insize=1405 outsize=1810 kw= ok=1
Cmd: compileSnippet
  api=0 type=1 insize=1405 outsize=6 kw= ok=1
Cmd: preprocess
  insize=974 outsize=297 ok=1
Cmd: compileSnippet
  api=0 type=0 insize=979 outsize=961 kw= ok=1
Cmd: compileSnippet
  api=0 type=1 insize=979 outsize=6 kw= ok=1
Cmd: preprocess
  insize=2395 outsize=311 ok=1
Cmd: compileSnippet
  api=0 type=0 insize=2390 outsize=1577 kw= ok=1
Cmd: compileSnippet
  api=0 type=1 insize=2390 outsize=6 kw= ok=1
Cmd: preprocess
  insize=791 outsize=298 ok=1
Cmd: compileSnippet
  api=0 type=0 insize=795 outsize=502 kw= ok=1
Cmd: compileSnippet
  api=0 type=1 insize=795 outsize=6 kw= ok=1
Cmd: preprocess
  insize=1569 outsize=405 ok=1
Cmd: compileSnippet
  api=0 type=0 insize=1467 outsize=2747 kw= ok=1
Cmd: compileSnippet
  api=0 type=1 insize=1467 outsize=6 kw= ok=1
Cmd: preprocess
  insize=908 outsize=401 ok=1
Cmd: compileSnippet
  api=0 type=0 insize=810 outsize=633 kw= ok=1
Cmd: compileSnippet
  api=0 type=1 insize=810 outsize=6 kw= ok=1
Cmd: preprocess
  insize=706 outsize=308 ok=1
Cmd: compileSnippet
  api=0 type=0 insize=700 outsize=620 kw= ok=1
Cmd: compileSnippet
  api=0 type=1 insize=700 outsize=6 kw= ok=1
Cmd: preprocess
  insize=2492 outsize=426 ok=1
Cmd: compileSnippet
  api=0 type=0 insize=2369 outsize=4408 kw= ok=1
Cmd: compileSnippet
  api=0 type=1 insize=2369 outsize=6 kw= ok=1
Cmd: preprocess
  insize=1873 outsize=861 ok=1
Cmd: compileSnippet
  api=0 type=0 insize=1186 outsize=491 kw= ok=1
Cmd: compileSnippet
  api=0 type=1 insize=1186 outsize=6 kw= ok=1
Cmd: compileSnippet
  api=0 type=0 insize=1178 outsize=1384 kw= ok=1
Cmd: compileSnippet
  api=0 type=1 insize=1178 outsize=6 kw= ok=1
Cmd: compileSnippet
  api=0 type=0 insize=1185 outsize=384 kw= ok=1
Cmd: compileSnippet
  api=0 type=1 insize=1185 outsize=6 kw= ok=1
Cmd: compileSnippet
  api=0 type=0 insize=1173 outsize=276 kw= ok=1
Cmd: compileSnippet
  api=0 type=1 insize=1173 outsize=6 kw= ok=1
Cmd: preprocess
  insize=5044 outsize=441 ok=1
Cmd: compileSnippet
  api=0 type=0 insize=4911 outsize=2165 kw= ok=1
Cmd: compileSnippet
  api=0 type=1 insize=4911 outsize=6 kw= ok=1
Cmd: preprocess
  insize=2249 outsize=443 ok=1
Cmd: compileSnippet
  api=0 type=0 insize=2109 outsize=7958 kw= ok=1
Cmd: compileSnippet
  api=0 type=1 insize=2109 outsize=6 kw= ok=1
Cmd: preprocess
  insize=1167 outsize=301 ok=1
Cmd: compileSnippet
  api=0 type=0 insize=1168 outsize=1091 kw= ok=1
Cmd: compileSnippet
  api=0 type=1 insize=1168 outsize=6 kw= ok=1
Cmd: preprocess
  insize=4755 outsize=352 ok=1
Cmd: compileSnippet
  api=0 type=0 insize=4711 outsize=5698 kw= ok=1
Cmd: compileSnippet
  api=0 type=1 insize=4711 outsize=6 kw= ok=1
Cmd: preprocess
  insize=448 outsize=261 ok=1
Cmd: compileSnippet
  api=0 type=0 insize=488 outsize=343 kw= ok=1
Cmd: compileSnippet
  api=0 type=1 insize=488 outsize=6 kw= ok=1
Cmd: preprocess
  insize=2486 outsize=436 ok=1
Cmd: compileSnippet
  api=0 type=0 insize=2353 outsize=7758 kw= ok=1
Cmd: compileSnippet
  api=0 type=1 insize=2353 outsize=6 kw= ok=1
Cmd: compileSnippet
  api=0 type=0 insize=751 outsize=1893 kw=SHADOWS_DEPTH ok=1
Cmd: compileSnippet
  api=0 type=1 insize=751 outsize=6 kw=SHADOWS_DEPTH ok=1
Cmd: compileSnippet
  api=0 type=0 insize=982 outsize=9902 kw=DIRECTIONAL SHADOWS_OFF LIGHTMAP_OFF DIRLIGHTMAP_OFF DYNAMICLIGHTMAP_OFF ok=1
Cmd: compileSnippet
  api=0 type=1 insize=982 outsize=6 kw=DIRECTIONAL SHADOWS_OFF LIGHTMAP_OFF DIRLIGHTMAP_OFF DYNAMICLIGHTMAP_OFF ok=1
Cmd: compileSnippet
  api=0 type=0 insize=938 outsize=5705 kw=DIRECTIONAL SHADOWS_OFF ok=1
Cmd: compileSnippet
  api=0 type=1 insize=938 outsize=6 kw=DIRECTIONAL SHADOWS_OFF ok=1
Cmd: compileSnippet
  api=0 type=0 insize=541 outsize=1893 kw=SHADOWS_DEPTH ok=1
Cmd: compileSnippet
  api=0 type=1 insize=541 outsize=6 kw=SHADOWS_DEPTH ok=1
Cmd: compileSnippet
  api=0 type=0 insize=938 outsize=6059 kw=POINT SHADOWS_OFF ok=1
Cmd: compileSnippet
  api=0 type=0 insize=938 outsize=6609 kw=SPOT SHADOWS_DEPTH SHADOWS_NATIVE ok=1
Cmd: compileSnippet
  api=0 type=0 insize=938 outsize=7763 kw=POINT SHADOWS_CUBE SHADOWS_SOFT ok=1
Cmd: compileSnippet
  api=0 type=1 insize=938 outsize=6 kw=POINT SHADOWS_OFF ok=1
Cmd: compileSnippet
  api=0 type=1 insize=938 outsize=6 kw=SPOT SHADOWS_DEPTH SHADOWS_NATIVE ok=1
Cmd: compileSnippet
  api=0 type=1 insize=938 outsize=6 kw=POINT_COOKIE SHADOWS_CUBE ok=1
Cmd: compileSnippet
  api=0 type=0 insize=1152 outsize=8404 kw=LIGHTMAP_OFF DIRLIGHTMAP_OFF DYNAMICLIGHTMAP_OFF ok=1
Cmd: compileSnippet
  api=0 type=1 insize=1152 outsize=6 kw=LIGHTMAP_OFF DIRLIGHTMAP_OFF DYNAMICLIGHTMAP_OFF ok=1
Cmd: compileSnippet
  api=0 type=0 insize=886 outsize=5197 kw=DIRECTIONAL SHADOWS_OFF LIGHTMAP_OFF DIRLIGHTMAP_OFF DYNAMICLIGHTMAP_OFF ok=1
Cmd: compileSnippet
  api=0 type=1 insize=886 outsize=6 kw=DIRECTIONAL SHADOWS_OFF LIGHTMAP_OFF DIRLIGHTMAP_OFF DYNAMICLIGHTMAP_OFF ok=1
Cmd: compileSnippet
  api=0 type=0 insize=816 outsize=4797 kw=POINT SHADOWS_OFF ok=1
Cmd: compileSnippet
  api=0 type=0 insize=816 outsize=4947 kw=DIRECTIONAL SHADOWS_SCREEN ok=1
Cmd: compileSnippet
  api=0 type=0 insize=816 outsize=5692 kw=POINT_COOKIE SHADOWS_CUBE ok=1
Cmd: compileSnippet
  api=0 type=1 insize=816 outsize=6 kw=POINT SHADOWS_OFF ok=1
Cmd: compileSnippet
  api=0 type=1 insize=816 outsize=6 kw=SPOT SHADOWS_DEPTH SHADOWS_NATIVE ok=1
Cmd: compileSnippet
  api=0 type=1 insize=816 outsize=6 kw=POINT_COOKIE SHADOWS_CUBE ok=1
Cmd: compileSnippet
  api=0 type=0 insize=600 outsize=1893 kw=SHADOWS_DEPTH ok=1
Cmd: compileSnippet
  api=0 type=1 insize=600 outsize=6 kw=SHADOWS_DEPTH ok=1
Cmd: compileSnippet
  api=0 type=0 insize=6810 outsize=2300 kw=DIRECTIONAL SHADOWS_OFF LIGHTMAP_OFF DIRLIGHTMAP_OFF DYNAMICLIGHTMAP_OFF ok=1
Cmd: compileSnippet
  api=0 type=1 insize=6810 outsize=6 kw=DIRECTIONAL SHADOWS_OFF LIGHTMAP_OFF DIRLIGHTMAP_OFF DYNAMICLIGHTMAP_OFF ok=1
Cmd: compileSnippet
  api=0 type=0 insize=3647 outsize=1820 kw=POINT ok=1
Cmd: compileSnippet
  api=0 type=1 insize=3647 outsize=6 kw=POINT ok=1
Cmd: compileSnippet
  api=0 type=1 insize=3647 outsize=6 kw=DIRECTIONAL_COOKIE ok=1
Cmd: compileSnippet
  api=0 type=0 insize=2805 outsize=978 kw= ok=1
Cmd: compileSnippet
  api=0 type=1 insize=2805 outsize=6 kw= ok=1
Cmd: compileSnippet
  api=0 type=0 insize=5995 outsize=2688 kw=LIGHTMAP_OFF DIRLIGHTMAP_OFF DYNAMICLIGHTMAP_OFF HDR_LIGHT_PREPASS_OFF ok=1
Cmd: compileSnippet
  api=0 type=1 insize=5995 outsize=6 kw=LIGHTMAP_OFF DIRLIGHTMAP_OFF DYNAMICLIGHTMAP_OFF HDR_LIGHT_PREPASS_OFF ok=1
Cmd: compileSnippet
  api=0 type=0 insize=5928 outsize=2645 kw=LIGHTMAP_OFF DIRLIGHTMAP_OFF DYNAMICLIGHTMAP_OFF HDR_LIGHT_PREPASS_OFF ok=1
Cmd: compileSnippet
  api=0 type=1 insize=5928 outsize=6 kw=LIGHTMAP_OFF DIRLIGHTMAP_OFF DYNAMICLIGHTMAP_OFF HDR_LIGHT_PREPASS_OFF ok=1
Cmd: compileSnippet
  api=0 type=0 insize=1275 outsize=2781 kw=POINT SHADOWS_OFF ok=1
Cmd: compileSnippet
  api=0 type=0 insize=1275 outsize=2785 kw=DIRECTIONAL_COOKIE SHADOWS_OFF ok=1
Cmd: compileSnippet
  api=0 type=0 insize=1275 outsize=3266 kw=POINT SHADOWS_CUBE ok=1
Cmd: compileSnippet
  api=0 type=0 insize=1275 outsize=4413 kw=POINT_COOKIE SHADOWS_CUBE SHADOWS_SOFT ok=1
Cmd: compileSnippet
  api=0 type=1 insize=1275 outsize=6 kw=POINT SHADOWS_OFF ok=1
Cmd: compileSnippet
  api=0 type=1 insize=1275 outsize=6 kw=SPOT SHADOWS_DEPTH SHADOWS_NATIVE ok=1
Cmd: compileSnippet
  api=0 type=1 insize=1275 outsize=6 kw=SPOT SHADOWS_DEPTH SHADOWS_SOFT SHADOWS_NATIVE ok=1
Cmd: compileSnippet
  api=0 type=0 insize=1268 outsize=2772 kw=POINT SHADOWS_OFF ok=1
Cmd: compileSnippet
  api=0 type=0 insize=1268 outsize=3534 kw=SPOT SHADOWS_DEPTH SHADOWS_NATIVE ok=1
Cmd: compileSnippet
  api=0 type=0 insize=1268 outsize=4184 kw=POINT SHADOWS_CUBE SHADOWS_SOFT ok=1
Cmd: compileSnippet
  api=0 type=1 insize=1268 outsize=6 kw=POINT SHADOWS_OFF ok=1
Cmd: compileSnippet
  api=0 type=1 insize=1268 outsize=6 kw=DIRECTIONAL_COOKIE SHADOWS_OFF ok=1
Cmd: compileSnippet
  api=0 type=1 insize=1268 outsize=6 kw=POINT SHADOWS_CUBE ok=1
Cmd: compileSnippet
  api=0 type=1 insize=1268 outsize=6 kw=POINT_COOKIE SHADOWS_CUBE SHADOWS_SOFT ok=1
Cmd: compileSnippet
  api=0 type=0 insize=1273 outsize=2777 kw=POINT SHADOWS_OFF ok=1
Cmd: compileSnippet
  api=0 type=0 insize=1273 outsize=2845 kw=DIRECTIONAL SHADOWS_SCREEN ok=1
Cmd: compileSnippet
  api=0 type=0 insize=1273 outsize=3482 kw=POINT_COOKIE SHADOWS_CUBE ok=1
Cmd: compileSnippet
  api=0 type=1 insize=1273 outsize=6 kw=POINT SHADOWS_OFF ok=1
Cmd: compileSnippet
  api=0 type=1 insize=1273 outsize=6 kw=DIRECTIONAL_COOKIE SHADOWS_OFF ok=1
Cmd: compileSnippet
  api=0 type=1 insize=1273 outsize=6 kw=POINT SHADOWS_CUBE ok=1
Cmd: compileSnippet
  api=0 type=1 insize=1273 outsize=6 kw=POINT_COOKIE SHADOWS_CUBE SHADOWS_SOFT ok=1
Cmd: compileSnippet
  api=0 type=0 insize=1934 outsize=3851 kw=POINT SHADOWS_OFF ok=1
Cmd: compileSnippet
  api=0 type=0 insize=1934 outsize=4104 kw=DIRECTIONAL SHADOWS_SCREEN ok=1
Cmd: compileSnippet
  api=0 type=0 insize=1934 outsize=4578 kw=POINT_COOKIE SHADOWS_CUBE ok=1
Cmd: compileSnippet
  api=0 type=0 insize=1934 outsize=3842 kw=POINT SHADOWS_OFF UNITY_HDR_ON ok=1
Cmd: compileSnippet
  api=0 type=0 insize=1934 outsize=4051 kw=POINT_COOKIE SHADOWS_OFF UNITY_HDR_ON ok=1
Cmd: compileSnippet
  api=0 type=0 insize=1934 outsize=4355 kw=DIRECTIONAL_COOKIE SHADOWS_SCREEN UNITY_HDR_ON ok=1
Cmd: compileSnippet
  api=0 type=0 insize=1934 outsize=5270 kw=POINT SHADOWS_CUBE SHADOWS_SOFT UNITY_HDR_ON ok=1
Cmd: compileSnippet
  api=0 type=1 insize=1934 outsize=6 kw=POINT SHADOWS_OFF ok=1
Cmd: compileSnippet
  api=0 type=1 insize=1934 outsize=6 kw=DIRECTIONAL_COOKIE SHADOWS_OFF ok=1
Cmd: compileSnippet
  api=0 type=1 insize=1934 outsize=6 kw=POINT SHADOWS_CUBE ok=1
Cmd: compileSnippet
  api=0 type=1 insize=1934 outsize=6 kw=POINT SHADOWS_OFF UNITY_HDR_ON ok=1
Cmd: compileSnippet
  api=0 type=1 insize=1934 outsize=6 kw=DIRECTIONAL_COOKIE SHADOWS_OFF UNITY_HDR_ON ok=1
Cmd: compileSnippet
  api=0 type=1 insize=1934 outsize=6 kw=POINT SHADOWS_CUBE UNITY_HDR_ON ok=1
Cmd: compileSnippet
  api=0 type=1 insize=1934 outsize=6 kw=POINT_COOKIE SHADOWS_CUBE SHADOWS_SOFT UNITY_HDR_ON ok=1
Cmd: compileSnippet
  api=0 type=0 insize=683 outsize=360 kw= ok=1
Cmd: compileSnippet
  api=0 type=1 insize=683 outsize=6 kw= ok=1
Cmd: compileSnippet
  api=0 type=0 insize=1051 outsize=582 kw= ok=1
Cmd: compileSnippet
  api=0 type=1 insize=1051 outsize=6 kw= ok=1
Cmd: compileSnippet
  api=0 type=0 insize=1089 outsize=669 kw= ok=1
Cmd: compileSnippet
  api=0 type=1 insize=1089 outsize=6 kw= ok=1
Cmd: compileSnippet
  api=0 type=0 insize=6638 outsize=15621 kw= ok=1
Cmd: compileSnippet
  api=0 type=1 insize=6638 outsize=6 kw= ok=1
Cmd: compileSnippet
  api=0 type=0 insize=6638 outsize=378 kw= ok=1
Cmd: compileSnippet
  api=0 type=1 insize=6638 outsize=6 kw= ok=1
Cmd: compileSnippet
  api=0 type=0 insize=701 outsize=427 kw= ok=1
Cmd: compileSnippet
  api=0 type=1 insize=701 outsize=6 kw= ok=1
Cmd: compileSnippet
  api=0 type=0 insize=701 outsize=378 kw= ok=1
Cmd: compileSnippet
  api=0 type=1 insize=701 outsize=6 kw= ok=1
Cmd: compileSnippet
  api=0 type=0 insize=1032 outsize=853 kw= ok=1
Cmd: compileSnippet
  api=0 type=1 insize=1032 outsize=6 kw= ok=1
Cmd: compileSnippet
  api=0 type=0 insize=1032 outsize=801 kw= ok=1
Cmd: compileSnippet
  api=0 type=1 insize=1032 outsize=6 kw= ok=1
Cmd: preprocess
  insize=1518 outsize=416 ok=1
Cmd: compileSnippet
  api=0 type=0 insize=1405 outsize=1810 kw= ok=1
Cmd: compileSnippet
  api=0 type=1 insize=1405 outsize=6 kw= ok=1
Cmd: preprocess
  insize=1035 outsize=296 ok=1
Cmd: preprocess
  insize=1132 outsize=394 ok=1
Cmd: compileSnippet
  api=0 type=0 insize=1041 outsize=1239 kw= ok=1
Cmd: compileSnippet
  api=0 type=1 insize=1041 outsize=6 kw= ok=1
Cmd: preprocess
  insize=4780 outsize=376 ok=1
Cmd: compileSnippet
  api=0 type=0 insize=4711 outsize=5698 kw= ok=1
Cmd: compileSnippet
  api=0 type=1 insize=4711 outsize=6 kw= ok=1
Cmd: preprocess
  insize=4838 outsize=435 ok=1
Cmd: compileSnippet
  api=0 type=0 insize=4711 outsize=5698 kw= ok=1
Cmd: compileSnippet
  api=0 type=1 insize=4711 outsize=6 kw= ok=1
Cmd: preprocess
  insize=1421 outsize=401 ok=1
Cmd: preprocess
  insize=889 outsize=396 ok=1
Cmd: compileSnippet
  api=0 type=0 insize=796 outsize=502 kw= ok=1
Cmd: compileSnippet
  api=0 type=1 insize=796 outsize=6 kw= ok=1
Cmd: preprocess
  insize=1676 outsize=772 ok=1
Cmd: compileSnippet
  api=0 type=0 insize=1116 outsize=491 kw= ok=1
Cmd: compileSnippet
  api=0 type=1 insize=1116 outsize=6 kw= ok=1
Cmd: compileSnippet
  api=0 type=0 insize=1108 outsize=1384 kw= ok=1
Cmd: compileSnippet
  api=0 type=1 insize=1108 outsize=6 kw= ok=1
Cmd: compileSnippet
  api=0 type=0 insize=1115 outsize=384 kw= ok=1
Cmd: compileSnippet
  api=0 type=1 insize=1115 outsize=6 kw= ok=1
